<?xml version="1.0" encoding="UTF-8"?>
<!-- Generated by org.testng.reporters.JUnitXMLReporter -->
<testsuite ignored="0" hostname="MWP312" failures="0" tests="7" name="Surefire test" time="11.388" errors="0" timestamp="2024-07-10T18:25:30 IST">
  <testcase classname="api.test.DDTests" name="testpostuser" time="0.025"/>
  <testcase classname="api.test.DDTests" name="testpostuser" time="0.002"/>
  <testcase classname="api.test.DDTests" name="testpostuser" time="0.002"/>
  <testcase classname="api.test.UserTests" name="testPostUser" time="3.263"/>
  <testcase classname="api.test.UserTests" name="testGetUserByName" time="1.603"/>
  <testcase classname="api.test.UserTests" name="testUpdateUserByName" time="3.061"/>
  <testcase classname="api.test.UserTests" name="testDeleteUserByName" time="1.536"/>
</testsuite> <!-- Surefire test -->
