<?xml version="1.0" encoding="UTF-8"?>
<!-- Generated by org.testng.reporters.JUnitXMLReporter -->
<testsuite ignored="0" hostname="MWP312" failures="0" tests="4" name="Default test" time="9.062" errors="0" timestamp="2024-07-10T18:02:24 IST">
  <testcase classname="api.test.UserTests" name="testPostUser" time="3.035"/>
  <testcase classname="api.test.UserTests" name="testGetUserByName" time="1.29"/>
  <testcase classname="api.test.UserTests" name="testUpdateUserByName" time="2.532"/>
  <testcase classname="api.test.UserTests" name="testDeleteUserByName" time="1.33"/>
</testsuite> <!-- Default test -->
