<?xml version="1.0" encoding="UTF-8"?>
<!-- Generated by org.testng.reporters.JUnitXMLReporter -->
<testsuite ignored="0" hostname="MWP312" failures="0" tests="3" name="Default test" time="1.373" errors="0" timestamp="2024-07-04T18:07:26 IST">
  <testcase classname="api.test.DDTests" name="testpostuser" time="0.011"/>
  <testcase classname="api.test.DDTests" name="testpostuser" time="0.001"/>
  <testcase classname="api.test.DDTests" name="testpostuser" time="0.001"/>
</testsuite> <!-- Default test -->
